#
# There is insufficient memory for the Java Runtime Environment to continue.
# Native memory allocation (malloc) failed to allocate 32744 bytes for ChunkPool::allocate
# Possible reasons:
#   The system is out of physical RAM or swap space
#   The process is running with CompressedOops enabled, and the Java Heap may be blocking the growth of the native heap
# Possible solutions:
#   Reduce memory load on the system
#   Increase physical memory or swap space
#   Check if swap backing store is full
#   Decrease Java heap size (-Xmx/-Xms)
#   Decrease number of Java threads
#   Decrease Java thread stack sizes (-Xss)
#   Set larger code cache with -XX:ReservedCodeCacheSize=
#   JVM is running with Unscaled Compressed Oops mode in which the Java heap is
#     placed in the first 4GB address space. The Java Heap base address is the
#     maximum limit for the native heap growth. Please use -XX:HeapBaseMinAddress
#     to set the Java Heap base and to place the Java Heap above 4GB virtual address.
# This output file may be truncated or incomplete.
#
#  Out of Memory Error (t:/workspace/open/src/hotspot/share/memory/arena.cpp:81), pid=7368, tid=16180
#
# JRE version: Java(TM) SE Runtime Environment (11.0.1+13) (build 11.0.1+13-LTS)
# Java VM: Java HotSpot(TM) 64-Bit Server VM (11.0.1+13-LTS, mixed mode, tiered, compressed oops, g1 gc, windows-amd64)
# No core dump will be written. Minidumps are not enabled by default on client versions of Windows
#

---------------  S U M M A R Y ------------

Command Line: -javaagent:C:\Program Files\JetBrains\IntelliJ IDEA 2021.1.2\lib\idea_rt.jar=64208:C:\Program Files\JetBrains\IntelliJ IDEA 2021.1.2\bin -Dfile.encoding=UTF-8 Zaur.Lesson27.Streams_FileWriter.Test1

Host: Intel(R) Pentium(R) CPU 4405U @ 2.10GHz, 4 cores, 5G,  Windows 10 , 64 bit Build 19041 (10.0.19041.1023)
Time: Mon Jul 26 13:19:33 2021 RTZ 2 (зима) elapsed time: 2 seconds (0d 0h 0m 2s)

---------------  T H R E A D  ---------------

Current thread (0x000001e79e350000):  JavaThread "C2 CompilerThread0" daemon [_thread_in_native, id=16180, stack(0x000000115c300000,0x000000115c400000)]


Current CompileTask:
C2:   2939  159       4       java.util.HashMap::putVal (300 bytes)

Stack: [0x000000115c300000,0x000000115c400000]
Native frames: (J=compiled Java code, j=interpreted, Vv=VM code, C=native code)
V  [jvm.dll+0x63c21a]
V  [jvm.dll+0x7797df]
V  [jvm.dll+0x77adca]
V  [jvm.dll+0x77b483]
V  [jvm.dll+0x2627f8]
V  [jvm.dll+0xc5e9b]
V  [jvm.dll+0xc61fc]
V  [jvm.dll+0xc5d50]
V  [jvm.dll+0x61b2ff]
V  [jvm.dll+0x66dec5]
V  [jvm.dll+0x1ad86d]
V  [jvm.dll+0x21c8d2]
V  [jvm.dll+0x21b96a]
V  [jvm.dll+0x198390]
V  [jvm.dll+0x22a97f]
V  [jvm.dll+0x228f98]
V  [jvm.dll+0x73f03d]
V  [jvm.dll+0x63b2b2]
C  [ucrtbase.dll+0x21bb2]
C  [KERNEL32.DLL+0x17034]
C  [ntdll.dll+0x52651]


---------------  P R O C E S S  ---------------

Threads class SMR info:
_java_thread_list=0x000001e79ede8790, length=9, elements={
0x000001e7ff778000, 0x000001e79e2ea800, 0x000001e79e2ed800, 0x000001e79e34d000,
0x000001e79e34e000, 0x000001e79e350000, 0x000001e79e353000, 0x000001e79e35e800,
0x000001e79edda800
}

Java Threads: ( => current thread )
  0x000001e7ff778000 JavaThread "main" [_thread_in_vm, id=13732, stack(0x000000115b800000,0x000000115b900000)]
  0x000001e79e2ea800 JavaThread "Reference Handler" daemon [_thread_blocked, id=2552, stack(0x000000115bf00000,0x000000115c000000)]
  0x000001e79e2ed800 JavaThread "Finalizer" daemon [_thread_blocked, id=13272, stack(0x000000115c000000,0x000000115c100000)]
  0x000001e79e34d000 JavaThread "Signal Dispatcher" daemon [_thread_blocked, id=17208, stack(0x000000115c100000,0x000000115c200000)]
  0x000001e79e34e000 JavaThread "Attach Listener" daemon [_thread_blocked, id=3656, stack(0x000000115c200000,0x000000115c300000)]
=>0x000001e79e350000 JavaThread "C2 CompilerThread0" daemon [_thread_in_native, id=16180, stack(0x000000115c300000,0x000000115c400000)]
  0x000001e79e353000 JavaThread "C1 CompilerThread0" daemon [_thread_blocked, id=9680, stack(0x000000115c400000,0x000000115c500000)]
  0x000001e79e35e800 JavaThread "Sweeper thread" daemon [_thread_blocked, id=4888, stack(0x000000115c500000,0x000000115c600000)]
  0x000001e79edda800 JavaThread "Common-Cleaner" daemon [_thread_blocked, id=15640, stack(0x000000115c600000,0x000000115c700000)]

Other Threads:
  0x000001e79e2c5800 VMThread "VM Thread" [stack: 0x000000115be00000,0x000000115bf00000] [id=16528]
  0x000001e7ff78f000 GCTaskThread "GC Thread#0" [stack: 0x000000115b900000,0x000000115ba00000] [id=4696]
  0x000001e7ff7b5000 ConcurrentGCThread "G1 Main Marker" [stack: 0x000000115ba00000,0x000000115bb00000] [id=11752]
  0x000001e7ff7b6800 ConcurrentGCThread "G1 Conc#0" [stack: 0x000000115bb00000,0x000000115bc00000] [id=12192]
  0x000001e7ff829000 ConcurrentGCThread "G1 Refine#0" [stack: 0x000000115bc00000,0x000000115bd00000] [id=6436]
  0x000001e7ff82a000 ConcurrentGCThread "G1 Young RemSet Sampling" [stack: 0x000000115bd00000,0x000000115be00000] [id=8808]

Threads with active compile tasks:
C2 CompilerThread0 159       4       java.util.HashMap::putVal (300 bytes)

VM state:not at safepoint (normal execution)

VM Mutex/Monitor currently owned by a thread: None

Heap address: 0x00000000a2200000, size: 1502 MB, Compressed Oops mode: 32-bit
Narrow klass base: 0x0000000000000000, Narrow klass shift: 3
Compressed class space size: 1073741824 Address: 0x0000000100000000

Heap:
 garbage-first heap   total 96256K, used 1024K [0x00000000a2200000, 0x0000000100000000)
  region size 1024K, 2 young (2048K), 0 survivors (0K)
 Metaspace       used 5289K, capacity 5371K, committed 5632K, reserved 1060864K
  class space    used 459K, capacity 470K, committed 512K, reserved 1048576K
Heap Regions: E=young(eden), S=young(survivor), O=old, HS=humongous(starts), HC=humongous(continues), CS=collection set, F=free, A=archive, TAMS=top-at-mark-start (previous, next)
|   0|0x00000000a2200000, 0x00000000a2200000, 0x00000000a2300000|  0%| F|  |TAMS 0x00000000a2200000, 0x00000000a2200000| Untracked 
|   1|0x00000000a2300000, 0x00000000a2300000, 0x00000000a2400000|  0%| F|  |TAMS 0x00000000a2300000, 0x00000000a2300000| Untracked 
|   2|0x00000000a2400000, 0x00000000a2400000, 0x00000000a2500000|  0%| F|  |TAMS 0x00000000a2400000, 0x00000000a2400000| Untracked 
|   3|0x00000000a2500000, 0x00000000a2500000, 0x00000000a2600000|  0%| F|  |TAMS 0x00000000a2500000, 0x00000000a2500000| Untracked 
|   4|0x00000000a2600000, 0x00000000a2600000, 0x00000000a2700000|  0%| F|  |TAMS 0x00000000a2600000, 0x00000000a2600000| Untracked 
|   5|0x00000000a2700000, 0x00000000a2700000, 0x00000000a2800000|  0%| F|  |TAMS 0x00000000a2700000, 0x00000000a2700000| Untracked 
|   6|0x00000000a2800000, 0x00000000a2800000, 0x00000000a2900000|  0%| F|  |TAMS 0x00000000a2800000, 0x00000000a2800000| Untracked 
|   7|0x00000000a2900000, 0x00000000a2900000, 0x00000000a2a00000|  0%| F|  |TAMS 0x00000000a2900000, 0x00000000a2900000| Untracked 
|   8|0x00000000a2a00000, 0x00000000a2a00000, 0x00000000a2b00000|  0%| F|  |TAMS 0x00000000a2a00000, 0x00000000a2a00000| Untracked 
|   9|0x00000000a2b00000, 0x00000000a2b00000, 0x00000000a2c00000|  0%| F|  |TAMS 0x00000000a2b00000, 0x00000000a2b00000| Untracked 
|  10|0x00000000a2c00000, 0x00000000a2c00000, 0x00000000a2d00000|  0%| F|  |TAMS 0x00000000a2c00000, 0x00000000a2c00000| Untracked 
|  11|0x00000000a2d00000, 0x00000000a2d00000, 0x00000000a2e00000|  0%| F|  |TAMS 0x00000000a2d00000, 0x00000000a2d00000| Untracked 
|  12|0x00000000a2e00000, 0x00000000a2e00000, 0x00000000a2f00000|  0%| F|  |TAMS 0x00000000a2e00000, 0x00000000a2e00000| Untracked 
|  13|0x00000000a2f00000, 0x00000000a2f00000, 0x00000000a3000000|  0%| F|  |TAMS 0x00000000a2f00000, 0x00000000a2f00000| Untracked 
|  14|0x00000000a3000000, 0x00000000a3000000, 0x00000000a3100000|  0%| F|  |TAMS 0x00000000a3000000, 0x00000000a3000000| Untracked 
|  15|0x00000000a3100000, 0x00000000a3100000, 0x00000000a3200000|  0%| F|  |TAMS 0x00000000a3100000, 0x00000000a3100000| Untracked 
|  16|0x00000000a3200000, 0x00000000a3200000, 0x00000000a3300000|  0%| F|  |TAMS 0x00000000a3200000, 0x00000000a3200000| Untracked 
|  17|0x00000000a3300000, 0x00000000a3300000, 0x00000000a3400000|  0%| F|  |TAMS 0x00000000a3300000, 0x00000000a3300000| Untracked 
|  18|0x00000000a3400000, 0x00000000a3400000, 0x00000000a3500000|  0%| F|  |TAMS 0x00000000a3400000, 0x00000000a3400000| Untracked 
|  19|0x00000000a3500000, 0x00000000a3500000, 0x00000000a3600000|  0%| F|  |TAMS 0x00000000a3500000, 0x00000000a3500000| Untracked 
|  20|0x00000000a3600000, 0x00000000a3600000, 0x00000000a3700000|  0%| F|  |TAMS 0x00000000a3600000, 0x00000000a3600000| Untracked 
|  21|0x00000000a3700000, 0x00000000a3700000, 0x00000000a3800000|  0%| F|  |TAMS 0x00000000a3700000, 0x00000000a3700000| Untracked 
|  22|0x00000000a3800000, 0x00000000a3800000, 0x00000000a3900000|  0%| F|  |TAMS 0x00000000a3800000, 0x00000000a3800000| Untracked 
|  23|0x00000000a3900000, 0x00000000a3900000, 0x00000000a3a00000|  0%| F|  |TAMS 0x00000000a3900000, 0x00000000a3900000| Untracked 
|  24|0x00000000a3a00000, 0x00000000a3a00000, 0x00000000a3b00000|  0%| F|  |TAMS 0x00000000a3a00000, 0x00000000a3a00000| Untracked 
|  25|0x00000000a3b00000, 0x00000000a3b00000, 0x00000000a3c00000|  0%| F|  |TAMS 0x00000000a3b00000, 0x00000000a3b00000| Untracked 
|  26|0x00000000a3c00000, 0x00000000a3c00000, 0x00000000a3d00000|  0%| F|  |TAMS 0x00000000a3c00000, 0x00000000a3c00000| Untracked 
|  27|0x00000000a3d00000, 0x00000000a3d00000, 0x00000000a3e00000|  0%| F|  |TAMS 0x00000000a3d00000, 0x00000000a3d00000| Untracked 
|  28|0x00000000a3e00000, 0x00000000a3e00000, 0x00000000a3f00000|  0%| F|  |TAMS 0x00000000a3e00000, 0x00000000a3e00000| Untracked 
|  29|0x00000000a3f00000, 0x00000000a3f00000, 0x00000000a4000000|  0%| F|  |TAMS 0x00000000a3f00000, 0x00000000a3f00000| Untracked 
|  30|0x00000000a4000000, 0x00000000a4000000, 0x00000000a4100000|  0%| F|  |TAMS 0x00000000a4000000, 0x00000000a4000000| Untracked 
|  31|0x00000000a4100000, 0x00000000a4100000, 0x00000000a4200000|  0%| F|  |TAMS 0x00000000a4100000, 0x00000000a4100000| Untracked 
|  32|0x00000000a4200000, 0x00000000a4200000, 0x00000000a4300000|  0%| F|  |TAMS 0x00000000a4200000, 0x00000000a4200000| Untracked 
|  33|0x00000000a4300000, 0x00000000a4300000, 0x00000000a4400000|  0%| F|  |TAMS 0x00000000a4300000, 0x00000000a4300000| Untracked 
|  34|0x00000000a4400000, 0x00000000a4400000, 0x00000000a4500000|  0%| F|  |TAMS 0x00000000a4400000, 0x00000000a4400000| Untracked 
|  35|0x00000000a4500000, 0x00000000a4500000, 0x00000000a4600000|  0%| F|  |TAMS 0x00000000a4500000, 0x00000000a4500000| Untracked 
|  36|0x00000000a4600000, 0x00000000a4600000, 0x00000000a4700000|  0%| F|  |TAMS 0x00000000a4600000, 0x00000000a4600000| Untracked 
|  37|0x00000000a4700000, 0x00000000a4700000, 0x00000000a4800000|  0%| F|  |TAMS 0x00000000a4700000, 0x00000000a4700000| Untracked 
|  38|0x00000000a4800000, 0x00000000a4800000, 0x00000000a4900000|  0%| F|  |TAMS 0x00000000a4800000, 0x00000000a4800000| Untracked 
|  39|0x00000000a4900000, 0x00000000a4900000, 0x00000000a4a00000|  0%| F|  |TAMS 0x00000000a4900000, 0x00000000a4900000| Untracked 
|  40|0x00000000a4a00000, 0x00000000a4a00000, 0x00000000a4b00000|  0%| F|  |TAMS 0x00000000a4a00000, 0x00000000a4a00000| Untracked 
|  41|0x00000000a4b00000, 0x00000000a4b00000, 0x00000000a4c00000|  0%| F|  |TAMS 0x00000000a4b00000, 0x00000000a4b00000| Untracked 
|  42|0x00000000a4c00000, 0x00000000a4c00000, 0x00000000a4d00000|  0%| F|  |TAMS 0x00000000a4c00000, 0x00000000a4c00000| Untracked 
|  43|0x00000000a4d00000, 0x00000000a4d00000, 0x00000000a4e00000|  0%| F|  |TAMS 0x00000000a4d00000, 0x00000000a4d00000| Untracked 
|  44|0x00000000a4e00000, 0x00000000a4e00000, 0x00000000a4f00000|  0%| F|  |TAMS 0x00000000a4e00000, 0x00000000a4e00000| Untracked 
|  45|0x00000000a4f00000, 0x00000000a4f00000, 0x00000000a5000000|  0%| F|  |TAMS 0x00000000a4f00000, 0x00000000a4f00000| Untracked 
|  46|0x00000000a5000000, 0x00000000a5000000, 0x00000000a5100000|  0%| F|  |TAMS 0x00000000a5000000, 0x00000000a5000000| Untracked 
|  47|0x00000000a5100000, 0x00000000a5100000, 0x00000000a5200000|  0%| F|  |TAMS 0x00000000a5100000, 0x00000000a5100000| Untracked 
|  48|0x00000000a5200000, 0x00000000a5200000, 0x00000000a5300000|  0%| F|  |TAMS 0x00000000a5200000, 0x00000000a5200000| Untracked 
|  49|0x00000000a5300000, 0x00000000a5300000, 0x00000000a5400000|  0%| F|  |TAMS 0x00000000a5300000, 0x00000000a5300000| Untracked 
|  50|0x00000000a5400000, 0x00000000a5400000, 0x00000000a5500000|  0%| F|  |TAMS 0x00000000a5400000, 0x00000000a5400000| Untracked 
|  51|0x00000000a5500000, 0x00000000a5500000, 0x00000000a5600000|  0%| F|  |TAMS 0x00000000a5500000, 0x00000000a5500000| Untracked 
|  52|0x00000000a5600000, 0x00000000a5600000, 0x00000000a5700000|  0%| F|  |TAMS 0x00000000a5600000, 0x00000000a5600000| Untracked 
|  53|0x00000000a5700000, 0x00000000a5700000, 0x00000000a5800000|  0%| F|  |TAMS 0x00000000a5700000, 0x00000000a5700000| Untracked 
|  54|0x00000000a5800000, 0x00000000a5800000, 0x00000000a5900000|  0%| F|  |TAMS 0x00000000a5800000, 0x00000000a5800000| Untracked 
|  55|0x00000000a5900000, 0x00000000a5900000, 0x00000000a5a00000|  0%| F|  |TAMS 0x00000000a5900000, 0x00000000a5900000| Untracked 
|  56|0x00000000a5a00000, 0x00000000a5a00000, 0x00000000a5b00000|  0%| F|  |TAMS 0x00000000a5a00000, 0x00000000a5a00000| Untracked 
|  57|0x00000000a5b00000, 0x00000000a5b00000, 0x00000000a5c00000|  0%| F|  |TAMS 0x00000000a5b00000, 0x00000000a5b00000| Untracked 
|  58|0x00000000a5c00000, 0x00000000a5c00000, 0x00000000a5d00000|  0%| F|  |TAMS 0x00000000a5c00000, 0x00000000a5c00000| Untracked 
|  59|0x00000000a5d00000, 0x00000000a5d00000, 0x00000000a5e00000|  0%| F|  |TAMS 0x00000000a5d00000, 0x00000000a5d00000| Untracked 
|  60|0x00000000a5e00000, 0x00000000a5e00000, 0x00000000a5f00000|  0%| F|  |TAMS 0x00000000a5e00000, 0x00000000a5e00000| Untracked 
|  61|0x00000000a5f00000, 0x00000000a5f00000, 0x00000000a6000000|  0%| F|  |TAMS 0x00000000a5f00000, 0x00000000a5f00000| Untracked 
|  62|0x00000000a6000000, 0x00000000a6000000, 0x00000000a6100000|  0%| F|  |TAMS 0x00000000a6000000, 0x00000000a6000000| Untracked 
|  63|0x00000000a6100000, 0x00000000a6100000, 0x00000000a6200000|  0%| F|  |TAMS 0x00000000a6100000, 0x00000000a6100000| Untracked 
|  64|0x00000000a6200000, 0x00000000a6200000, 0x00000000a6300000|  0%| F|  |TAMS 0x00000000a6200000, 0x00000000a6200000| Untracked 
|  65|0x00000000a6300000, 0x00000000a6300000, 0x00000000a6400000|  0%| F|  |TAMS 0x00000000a6300000, 0x00000000a6300000| Untracked 
|  66|0x00000000a6400000, 0x00000000a6400000, 0x00000000a6500000|  0%| F|  |TAMS 0x00000000a6400000, 0x00000000a6400000| Untracked 
|  67|0x00000000a6500000, 0x00000000a6500000, 0x00000000a6600000|  0%| F|  |TAMS 0x00000000a6500000, 0x00000000a6500000| Untracked 
|  68|0x00000000a6600000, 0x00000000a6600000, 0x00000000a6700000|  0%| F|  |TAMS 0x00000000a6600000, 0x00000000a6600000| Untracked 
|  69|0x00000000a6700000, 0x00000000a6700000, 0x00000000a6800000|  0%| F|  |TAMS 0x00000000a6700000, 0x00000000a6700000| Untracked 
|  70|0x00000000a6800000, 0x00000000a6800000, 0x00000000a6900000|  0%| F|  |TAMS 0x00000000a6800000, 0x00000000a6800000| Untracked 
|  71|0x00000000a6900000, 0x00000000a6900000, 0x00000000a6a00000|  0%| F|  |TAMS 0x00000000a6900000, 0x00000000a6900000| Untracked 
|  72|0x00000000a6a00000, 0x00000000a6a00000, 0x00000000a6b00000|  0%| F|  |TAMS 0x00000000a6a00000, 0x00000000a6a00000| Untracked 
|  73|0x00000000a6b00000, 0x00000000a6b00000, 0x00000000a6c00000|  0%| F|  |TAMS 0x00000000a6b00000, 0x00000000a6b00000| Untracked 
|  74|0x00000000a6c00000, 0x00000000a6c00000, 0x00000000a6d00000|  0%| F|  |TAMS 0x00000000a6c00000, 0x00000000a6c00000| Untracked 
|  75|0x00000000a6d00000, 0x00000000a6d00000, 0x00000000a6e00000|  0%| F|  |TAMS 0x00000000a6d00000, 0x00000000a6d00000| Untracked 
|  76|0x00000000a6e00000, 0x00000000a6e00000, 0x00000000a6f00000|  0%| F|  |TAMS 0x00000000a6e00000, 0x00000000a6e00000| Untracked 
|  77|0x00000000a6f00000, 0x00000000a6f00000, 0x00000000a7000000|  0%| F|  |TAMS 0x00000000a6f00000, 0x00000000a6f00000| Untracked 
|  78|0x00000000a7000000, 0x00000000a7000000, 0x00000000a7100000|  0%| F|  |TAMS 0x00000000a7000000, 0x00000000a7000000| Untracked 
|  79|0x00000000a7100000, 0x00000000a7100000, 0x00000000a7200000|  0%| F|  |TAMS 0x00000000a7100000, 0x00000000a7100000| Untracked 
|  80|0x00000000a7200000, 0x00000000a7200000, 0x00000000a7300000|  0%| F|  |TAMS 0x00000000a7200000, 0x00000000a7200000| Untracked 
|  81|0x00000000a7300000, 0x00000000a7300000, 0x00000000a7400000|  0%| F|  |TAMS 0x00000000a7300000, 0x00000000a7300000| Untracked 
|  82|0x00000000a7400000, 0x00000000a7400000, 0x00000000a7500000|  0%| F|  |TAMS 0x00000000a7400000, 0x00000000a7400000| Untracked 
|  83|0x00000000a7500000, 0x00000000a7500000, 0x00000000a7600000|  0%| F|  |TAMS 0x00000000a7500000, 0x00000000a7500000| Untracked 
|  84|0x00000000a7600000, 0x00000000a7600000, 0x00000000a7700000|  0%| F|  |TAMS 0x00000000a7600000, 0x00000000a7600000| Untracked 
|  85|0x00000000a7700000, 0x00000000a7700000, 0x00000000a7800000|  0%| F|  |TAMS 0x00000000a7700000, 0x00000000a7700000| Untracked 
|  86|0x00000000a7800000, 0x00000000a7800000, 0x00000000a7900000|  0%| F|  |TAMS 0x00000000a7800000, 0x00000000a7800000| Untracked 
|  87|0x00000000a7900000, 0x00000000a7900000, 0x00000000a7a00000|  0%| F|  |TAMS 0x00000000a7900000, 0x00000000a7900000| Untracked 
|  88|0x00000000a7a00000, 0x00000000a7a00000, 0x00000000a7b00000|  0%| F|  |TAMS 0x00000000a7a00000, 0x00000000a7a00000| Untracked 
|  89|0x00000000a7b00000, 0x00000000a7b00000, 0x00000000a7c00000|  0%| F|  |TAMS 0x00000000a7b00000, 0x00000000a7b00000| Untracked 
|  90|0x00000000a7c00000, 0x00000000a7c00000, 0x00000000a7d00000|  0%| F|  |TAMS 0x00000000a7c00000, 0x00000000a7c00000| Untracked 
|  91|0x00000000a7d00000, 0x00000000a7d00000, 0x00000000a7e00000|  0%| F|  |TAMS 0x00000000a7d00000, 0x00000000a7d00000| Untracked 
|  92|0x00000000a7e00000, 0x00000000a7ed7910, 0x00000000a7f00000| 84%| E|  |TAMS 0x00000000a7e00000, 0x00000000a7e00000| Complete 
|  93|0x00000000a7f00000, 0x00000000a8000000, 0x00000000a8000000|100%| E|CS|TAMS 0x00000000a7f00000, 0x00000000a7f00000| Complete 

Card table byte_map: [0x000001e798950000,0x000001e798c40000] _byte_map_base: 0x000001e79843f000

Marking Bits (Prev, Next): (CMBitMap*) 0x000001e7ff7ae968, (CMBitMap*) 0x000001e7ff7ae9a0
 Prev Bits: [0x000001e798f30000, 0x000001e79a6a8000)
 Next Bits: [0x000001e79a6b0000, 0x000001e79be28000)

Polling page: 0x000001e7ff540000

Metaspace:

Usage:
  Non-class:      4.79 MB capacity,     4.72 MB ( 99%) used,    68.16 KB (  1%) free+waste,     2.38 KB ( <1%) overhead. 
      Class:    470.00 KB capacity,   459.22 KB ( 98%) used,     9.47 KB (  2%) free+waste,     1.31 KB ( <1%) overhead. 
       Both:      5.25 MB capacity,     5.17 MB ( 98%) used,    77.63 KB (  1%) free+waste,     3.69 KB ( <1%) overhead. 

Virtual space:
  Non-class space:       12.00 MB reserved,       5.00 MB ( 42%) committed 
      Class space:        1.00 GB reserved,     512.00 KB ( <1%) committed 
             Both:        1.01 GB reserved,       5.50 MB ( <1%) committed 

Chunk freelists:
   Non-Class:  3.38 KB
       Class:  1.25 KB
        Both:  4.63 KB

CodeHeap 'non-profiled nmethods': size=120064Kb used=54Kb max_used=54Kb free=120009Kb
 bounds [0x000001e791120000, 0x000001e791390000, 0x000001e798660000]
CodeHeap 'profiled nmethods': size=120000Kb used=221Kb max_used=221Kb free=119779Kb
 bounds [0x000001e789bf0000, 0x000001e789e60000, 0x000001e791120000]
CodeHeap 'non-nmethods': size=5696Kb used=1019Kb max_used=1027Kb free=4676Kb
 bounds [0x000001e789660000, 0x000001e7898d0000, 0x000001e789bf0000]
 total_blobs=535 nmethods=182 adapters=206
 compilation: enabled
              stopped_count=0, restarted_count=0
 full_count=0

Compilation events (10 events):
Event: 2.806 Thread 0x000001e79e353000  170       3       jdk.internal.module.ModuleBootstrap$2::hasNext (30 bytes)
Event: 2.807 Thread 0x000001e79e353000 nmethod 170 0x000001e789c21610 code [0x000001e789c217e0, 0x000001e789c21b60]
Event: 2.807 Thread 0x000001e79e353000  171       3       jdk.internal.module.ModuleBootstrap$2::next (52 bytes)
Event: 2.807 Thread 0x000001e79e353000 nmethod 171 0x000001e789c21c90 code [0x000001e789c21ea0, 0x000001e789c22410]
Event: 2.808 Thread 0x000001e79e353000  173       1       java.lang.Module::getDescriptor (5 bytes)
Event: 2.808 Thread 0x000001e79e353000 nmethod 173 0x000001e79112d710 code [0x000001e79112d8c0, 0x000001e79112d9d8]
Event: 2.808 Thread 0x000001e79e353000  174       3       java.util.Collections$UnmodifiableCollection$1::next (10 bytes)
Event: 2.808 Thread 0x000001e79e353000 nmethod 174 0x000001e789c22590 code [0x000001e789c22760, 0x000001e789c22990]
Event: 2.808 Thread 0x000001e79e353000  175       3       java.util.ImmutableCollections::emptySet (4 bytes)
Event: 2.808 Thread 0x000001e79e353000 nmethod 175 0x000001e789c22a90 code [0x000001e789c22c40, 0x000001e789c22d98]

GC Heap History (0 events):
No events

Deoptimization events (0 events):
No events

Classes redefined (0 events):
No events

Internal exceptions (0 events):
No events

Events (10 events):
Event: 2.804 loading class jdk/internal/module/IllegalAccessLogger$Mode
Event: 2.804 loading class jdk/internal/module/IllegalAccessLogger$Mode done
Event: 2.804 loading class jdk/internal/module/IllegalAccessLogger$Builder
Event: 2.804 loading class jdk/internal/module/IllegalAccessLogger$Builder done
Event: 2.805 loading class jdk/internal/module/ModuleBootstrap$2
Event: 2.805 loading class jdk/internal/module/ModuleBootstrap$2 done
Event: 2.808 loading class jdk/internal/module/IllegalAccessLogger
Event: 2.809 loading class jdk/internal/module/IllegalAccessLogger done
Event: 2.809 loading class jdk/internal/module/ModuleBootstrap$SafeModuleFinder
Event: 2.843 loading class jdk/internal/module/ModuleBootstrap$SafeModuleFinder done


Dynamic libraries:
0x00007ff71aa20000 - 0x00007ff71aa67000 	C:\Program Files\Java\jdk-11.0.1\bin\java.exe
0x00007ff8008f0000 - 0x00007ff800ae5000 	C:\WINDOWS\SYSTEM32\ntdll.dll
0x00007ff800620000 - 0x00007ff8006dd000 	C:\WINDOWS\System32\KERNEL32.DLL
0x00007ffffe490000 - 0x00007ffffe759000 	C:\WINDOWS\System32\KERNELBASE.dll
0x00007ff800490000 - 0x00007ff80053c000 	C:\WINDOWS\System32\ADVAPI32.dll
0x00007ffffea80000 - 0x00007ffffeb1e000 	C:\WINDOWS\System32\msvcrt.dll
0x00007ffffef50000 - 0x00007ffffefeb000 	C:\WINDOWS\System32\sechost.dll
0x00007fffffa50000 - 0x00007fffffb7a000 	C:\WINDOWS\System32\RPCRT4.dll
0x00007fffff110000 - 0x00007fffff2b0000 	C:\WINDOWS\System32\USER32.dll
0x00007ffffe870000 - 0x00007ffffe892000 	C:\WINDOWS\System32\win32u.dll
0x00007ff800000000 - 0x00007ff80002a000 	C:\WINDOWS\System32\GDI32.dll
0x00007ffffe760000 - 0x00007ffffe86b000 	C:\WINDOWS\System32\gdi32full.dll
0x00007ffffe020000 - 0x00007ffffe0bd000 	C:\WINDOWS\System32\msvcp_win.dll
0x00007ffffe390000 - 0x00007ffffe490000 	C:\WINDOWS\System32\ucrtbase.dll
0x00007fffe77c0000 - 0x00007fffe7a5a000 	C:\WINDOWS\WinSxS\amd64_microsoft.windows.common-controls_6595b64144ccf1df_6.0.19041.1110_none_60b5254171f9507e\COMCTL32.dll
0x00007fffef2a0000 - 0x00007fffef2aa000 	C:\WINDOWS\SYSTEM32\VERSION.dll
0x00007ffffeff0000 - 0x00007fffff020000 	C:\WINDOWS\System32\IMM32.DLL
0x00007ffff9730000 - 0x00007ffff9746000 	C:\Program Files\Java\jdk-11.0.1\bin\vcruntime140.dll
0x00007fffcf2c0000 - 0x00007fffcf36a000 	C:\Program Files\Java\jdk-11.0.1\bin\msvcp140.dll
0x00007fffb21b0000 - 0x00007fffb2cf2000 	C:\Program Files\Java\jdk-11.0.1\bin\server\jvm.dll
0x00007ff800480000 - 0x00007ff800488000 	C:\WINDOWS\System32\PSAPI.DLL
0x00007fffe7ab0000 - 0x00007fffe7ab9000 	C:\WINDOWS\SYSTEM32\WSOCK32.dll
0x00007fffdd960000 - 0x00007fffdd987000 	C:\WINDOWS\SYSTEM32\WINMM.dll
0x00007ff800260000 - 0x00007ff8002cb000 	C:\WINDOWS\System32\WS2_32.dll
0x00007ffffbdf0000 - 0x00007ffffbe02000 	C:\WINDOWS\SYSTEM32\kernel.appcore.dll
0x00007ffff6df0000 - 0x00007ffff6e01000 	C:\Program Files\Java\jdk-11.0.1\bin\verify.dll
0x00007ffffb550000 - 0x00007ffffb734000 	C:\WINDOWS\SYSTEM32\DBGHELP.DLL
0x00007fffdbff0000 - 0x00007fffdc01c000 	C:\WINDOWS\SYSTEM32\dbgcore.DLL
0x00007ffffe300000 - 0x00007ffffe383000 	C:\WINDOWS\System32\bcryptPrimitives.dll
0x00007fffe71f0000 - 0x00007fffe7219000 	C:\Program Files\Java\jdk-11.0.1\bin\java.dll
0x00007fffc2760000 - 0x00007fffc278f000 	C:\Program Files\Java\jdk-11.0.1\bin\instrument.dll
0x00007fffeedb0000 - 0x00007fffeedc6000 	C:\Program Files\Java\jdk-11.0.1\bin\zip.dll
0x00007ffff8320000 - 0x00007ffff832a000 	C:\Program Files\Java\jdk-11.0.1\bin\jimage.dll
0x00007fffff2b0000 - 0x00007fffff9ef000 	C:\WINDOWS\System32\SHELL32.dll
0x00007ffffcde0000 - 0x00007ffffd571000 	C:\WINDOWS\SYSTEM32\windows.storage.dll
0x00007ffffeb20000 - 0x00007ffffee75000 	C:\WINDOWS\System32\combase.dll
0x00007ffffda90000 - 0x00007ffffdabc000 	C:\WINDOWS\SYSTEM32\Wldp.dll
0x00007ffffeea0000 - 0x00007ffffef4e000 	C:\WINDOWS\System32\SHCORE.dll
0x00007fffff9f0000 - 0x00007fffffa45000 	C:\WINDOWS\System32\shlwapi.dll
0x00007ffffdf60000 - 0x00007ffffdf7f000 	C:\WINDOWS\SYSTEM32\profapi.dll

dbghelp: loaded successfully - version: 4.0.5 - missing functions: none
symbol engine: initialized successfully - sym options: 0x614 - pdb path: .;C:\Program Files\Java\jdk-11.0.1\bin;C:\WINDOWS\SYSTEM32;C:\WINDOWS\WinSxS\amd64_microsoft.windows.common-controls_6595b64144ccf1df_6.0.19041.1110_none_60b5254171f9507e;C:\Program Files\Java\jdk-11.0.1\bin\server

VM Arguments:
jvm_args: -javaagent:C:\Program Files\JetBrains\IntelliJ IDEA 2021.1.2\lib\idea_rt.jar=64208:C:\Program Files\JetBrains\IntelliJ IDEA 2021.1.2\bin -Dfile.encoding=UTF-8 
java_command: Zaur.Lesson27.Streams_FileWriter.Test1
java_class_path (initial): C:\Prog\git\JavaOCA\out\production\JavaOCA
Launcher Type: SUN_STANDARD

[Global flags]
     intx CICompilerCount                          = 3                                         {product} {ergonomic}
     uint ConcGCThreads                            = 1                                         {product} {ergonomic}
     uint G1ConcRefinementThreads                  = 4                                         {product} {ergonomic}
   size_t G1HeapRegionSize                         = 1048576                                   {product} {ergonomic}
    uintx GCDrainStackTargetSize                   = 64                                        {product} {ergonomic}
   size_t InitialHeapSize                          = 98566144                                  {product} {ergonomic}
   size_t MarkStackSize                            = 4194304                                   {product} {ergonomic}
   size_t MaxHeapSize                              = 1574961152                                {product} {ergonomic}
   size_t MaxNewSize                               = 944766976                                 {product} {ergonomic}
   size_t MinHeapDeltaBytes                        = 1048576                                   {product} {ergonomic}
    uintx NonNMethodCodeHeapSize                   = 5830092                                {pd product} {ergonomic}
    uintx NonProfiledCodeHeapSize                  = 122914074                              {pd product} {ergonomic}
    uintx ProfiledCodeHeapSize                     = 122914074                              {pd product} {ergonomic}
    uintx ReservedCodeCacheSize                    = 251658240                              {pd product} {ergonomic}
     bool SegmentedCodeCache                       = true                                      {product} {ergonomic}
     bool UseCompressedClassPointers               = true                                 {lp64_product} {ergonomic}
     bool UseCompressedOops                        = true                                 {lp64_product} {ergonomic}
     bool UseG1GC                                  = true                                      {product} {ergonomic}
     bool UseLargePagesIndividualAllocation        = false                                  {pd product} {ergonomic}

Logging:
Log output configuration:
 #0: stdout all=warning uptime,level,tags
 #1: stderr all=off uptime,level,tags

Environment Variables:
JAVA_HOME=C:\Program Files\Java\jdk-11.0.1\
CLASSPATH=.;
PATH=C:\app\Mike\product\18.0.0\dbhomeXE\bin;C:\Program Files (x86)\Common Files\Oracle\Java\javapath;C:\WINDOWS\system32;C:\WINDOWS;C:\WINDOWS\System32\Wbem;C:\WINDOWS\System32\WindowsPowerShell\v1.0\;C:\Program Files (x86)\Common Files\lenovo\easyplussdk\bin;C:\Program Files (x86)\ATI Technologies\ATI.ACE\Core-Static;C:\WINDOWS\System32\OpenSSH\;C:\Program Files\Java\jdk-11.0.1\bin;C:\Program Files\Git\cmd;C:\Program Files\nodejs\;C:\ProgramData\chocolatey\bin;C:\WINDOWS\system32;C:\WINDOWS;C:\WINDOWS\System32\Wbem;C:\WINDOWS\System32\WindowsPowerShell\v1.0\;C:\WINDOWS\System32\OpenSSH\;C:\chromedriver;C:\Program Files (x86)\Common Files\Acronis\VirtualFile\;C:\Program Files (x86)\Common Files\Acronis\VirtualFile64\;C:\Program Files (x86)\Common Files\Acronis\SnapAPI\;C:\Program Files (x86)\HP\Common\HPDestPlgIn\;C:\Program Files (x86)\HP\IdrsOCR_15.3.1129.0\;C:\Users\Mike\.windows-build-tools\python27\;C:\Program Files\MySQL\MySQL Shell 8.0\bin\;C:\Python\Python38-32\Scripts\;C:\Python\Python38-32\;C:\Users\Mike\AppData\Local\Microsoft\WindowsApps;;C:\Users\Mike\AppData\Local\Programs\Microsoft VS Code\bin;C:\Users\Mike\AppData\Roaming\npm;C:\Program Files\JetBrains\WebStorm 2019.3.4\bin;C:\Program Files\JetBrains\PyCharm 2020.3.2\bin;C:\Program Files\JetBrains\PhpStorm 2019.3.4\bin;C:\Program Files (x86)\HP\Common\HPDestPlgIn\;C:\Program Files\JetBrains\IntelliJ IDEA 2021.1.2\bin;;C:\Users\Mike\AppData\Local\Microsoft\WindowsApps
USERNAME=Mike
OS=Windows_NT
PROCESSOR_IDENTIFIER=Intel64 Family 6 Model 78 Stepping 3, GenuineIntel



---------------  S Y S T E M  ---------------

OS: Windows 10 , 64 bit Build 19041 (10.0.19041.1023)

CPU:total 4 (initial active 4) (2 cores per cpu, 2 threads per core) family 6 model 78 stepping 3, cmov, cx8, fxsr, mmx, sse, sse2, sse3, ssse3, sse4.1, sse4.2, popcnt, aes, clmul, erms, 3dnowpref, lzcnt, ht, tsc, tscinvbit

Memory: 4k page, system-wide physical 6003M (375M free)
TotalPageFile size 10848M (AvailPageFile size 190M)
current process WorkingSet (physical memory assigned to process): 33M, peak: 33M
current process commit charge ("private bytes"): 162M, peak: 162M

vm_info: Java HotSpot(TM) 64-Bit Server VM (11.0.1+13-LTS) for windows-amd64 JRE (11.0.1+13-LTS), built on Oct  6 2018 13:20:16 by "mach5one" with MS VC++ 15.5 (VS2017)

END.
